<?xml version="1.0" encoding="UTF-8"?>
<!-- Generated by org.testng.reporters.JUnitReportReporter -->
<testsuite hostname="LAPTOP-US9BPS3T" failures="0" tests="8" name="sanity.SaucedemoWeb" time="36.697" errors="0" timestamp="2022-08-23T18:04:50 IDT" skipped="0">
  <testcase classname="sanity.SaucedemoWeb" name="test01_verifyTitle" time="2.523"/>
  <system-out/>
  <testcase classname="sanity.SaucedemoWeb" name="test05_loginWithDDTAndVerify" time="6.762"/>
  <system-out/>
  <testcase classname="sanity.SaucedemoWeb" name="test04_checkoutAndVerify" time="1.378"/>
  <system-out/>
  <testcase classname="sanity.SaucedemoWeb" name="test05_loginWithDDTAndVerify" time="6.023"/>
  <system-out/>
  <testcase classname="sanity.SaucedemoWeb" name="test05_loginWithDDTAndVerify" time="10.893"/>
  <system-out/>
  <testcase classname="sanity.SaucedemoWeb" name="test02_VerifyProductList" time="0.488"/>
  <system-out/>
  <testcase classname="sanity.SaucedemoWeb" name="test03_addToCartAndVerify" time="2.656"/>
  <system-out/>
  <testcase classname="sanity.SaucedemoWeb" name="test05_loginWithDDTAndVerify" time="5.974"/>
  <system-out/>
</testsuite> <!-- sanity.SaucedemoWeb -->
