<?xml version="1.0" encoding="UTF-8"?>
<!-- Generated by org.testng.reporters.JUnitReportReporter -->
<testsuite hostname="LAPTOP-US9BPS3T" failures="0" tests="8" name="sanity.SaucedemoWeb" time="37.866" errors="0" timestamp="2022-08-21T22:43:05 IDT" skipped="0">
  <testcase classname="sanity.SaucedemoWeb" name="test02_VerifyProductList" time="0.271"/>
  <system-out/>
  <testcase classname="sanity.SaucedemoWeb" name="test05_loginWithDDTAndVerify" time="6.569"/>
  <system-out/>
  <testcase classname="sanity.SaucedemoWeb" name="test05_loginWithDDTAndVerify" time="11.503"/>
  <system-out/>
  <testcase classname="sanity.SaucedemoWeb" name="test05_loginWithDDTAndVerify" time="6.027"/>
  <system-out/>
  <testcase classname="sanity.SaucedemoWeb" name="test03_addToCartAndVerify" time="2.843"/>
  <system-out/>
  <testcase classname="sanity.SaucedemoWeb" name="test04_checkoutAndVerify" time="1.391"/>
  <system-out/>
  <testcase classname="sanity.SaucedemoWeb" name="test01_verifyTitle" time="2.790"/>
  <system-out/>
  <testcase classname="sanity.SaucedemoWeb" name="test05_loginWithDDTAndVerify" time="6.472"/>
  <system-out/>
</testsuite> <!-- sanity.SaucedemoWeb -->
