<?xml version="1.0" encoding="UTF-8"?>
<!-- Generated by org.testng.reporters.JUnitReportReporter -->
<testsuite hostname="LAPTOP-US9BPS3T" failures="0" tests="7" name="sanity.CalculatorDesktop" time="89.519" errors="0" timestamp="2022-09-14T20:21:01 IDT" skipped="0">
  <testcase classname="sanity.CalculatorDesktop" name="test04_verifyDividing" time="13.546"/>
  <system-out/>
  <testcase classname="sanity.CalculatorDesktop" name="test06_verifyMultiDigitNumber" time="8.774"/>
  <system-out/>
  <testcase classname="sanity.CalculatorDesktop" name="test03_verifyMultiplying" time="15.900"/>
  <system-out/>
  <testcase classname="sanity.CalculatorDesktop" name="test05_verifyDeleting" time="8.285"/>
  <system-out/>
  <testcase classname="sanity.CalculatorDesktop" name="test07_verifyMemory" time="15.536"/>
  <system-out/>
  <testcase classname="sanity.CalculatorDesktop" name="test01_verifyAdding" time="14.094"/>
  <system-out/>
  <testcase classname="sanity.CalculatorDesktop" name="test02_verifySubtraction" time="13.384"/>
  <system-out/>
</testsuite> <!-- sanity.CalculatorDesktop -->
